<?xml version="1.0" encoding="UTF-8"?>
<testng-results skipped="0" failed="1" total="4" passed="3">
  <reporter-output>
    <line>
      <![CDATA[Launch the Browser]]>
    </line>
    <line>
      <![CDATA[Login to Application]]>
    </line>
    <line>
      <![CDATA[logout the Appliaction]]>
    </line>
    <line>
      <![CDATA[Login to Application]]>
    </line>
    <line>
      <![CDATA[logout the Appliaction]]>
    </line>
    <line>
      <![CDATA[Launch the Browser]]>
    </line>
    <line>
      <![CDATA[Login to Application]]>
    </line>
    <line>
      <![CDATA[actiTIME -   Enter Time-Track]]>
    </line>
    <line>
      <![CDATA[actiTIME - Enter Time-Track]]>
    </line>
    <line>
      <![CDATA[logout the Appliaction]]>
    </line>
    <line>
      <![CDATA[Login to Application]]>
    </line>
    <line>
      <![CDATA[logout the Appliaction]]>
    </line>
  </reporter-output>
  <suite name="Suite" duration-ms="53633" started-at="2019-03-11T17:13:17Z" finished-at="2019-03-11T17:14:11Z">
    <groups>
    </groups>
    <test name="Test" duration-ms="53633" started-at="2019-03-11T17:13:17Z" finished-at="2019-03-11T17:14:11Z">
      <class name="com.actitime.logintest.VerifyHomePageTest">
        <test-method status="PASS" signature="configBC()[pri:0, instance:com.actitime.logintest.VerifyHomePageTest@77caeb3e]" name="configBC" is-config="true" duration-ms="3947" started-at="2019-03-11T22:43:51Z" finished-at="2019-03-11T22:43:55Z">
          <reporter-output>
            <line>
              <![CDATA[Launch the Browser]]>
            </line>
          </reporter-output>
        </test-method> <!-- configBC -->
        <test-method status="PASS" signature="logintoApp()[pri:0, instance:com.actitime.logintest.VerifyHomePageTest@77caeb3e]" name="logintoApp" is-config="true" duration-ms="4424" started-at="2019-03-11T22:43:55Z" finished-at="2019-03-11T22:44:00Z">
          <reporter-output>
            <line>
              <![CDATA[Login to Application]]>
            </line>
          </reporter-output>
        </test-method> <!-- logintoApp -->
        <test-method status="FAIL" signature="verifyHomePageTest()[pri:0, instance:com.actitime.logintest.VerifyHomePageTest@77caeb3e]" name="verifyHomePageTest" duration-ms="98" started-at="2019-03-11T22:44:00Z" finished-at="2019-03-11T22:44:00Z">
          <exception class="java.lang.AssertionError">
            <message>
              <![CDATA[expected [actiTIME -   Enter Time-Track] but found [actiTIME - Enter Time-Track]]]>
            </message>
            <full-stacktrace>
              <![CDATA[java.lang.AssertionError: expected [actiTIME -   Enter Time-Track] but found [actiTIME - Enter Time-Track]
	at org.testng.Assert.fail(Assert.java:94)
	at org.testng.Assert.failNotEquals(Assert.java:496)
	at org.testng.Assert.assertEquals(Assert.java:125)
	at org.testng.Assert.assertEquals(Assert.java:178)
	at org.testng.Assert.assertEquals(Assert.java:188)
	at com.actitime.logintest.VerifyHomePageTest.verifyHomePageTest(VerifyHomePageTest.java:24)
	at sun.reflect.NativeMethodAccessorImpl.invoke0(Native Method)
	at sun.reflect.NativeMethodAccessorImpl.invoke(Unknown Source)
	at sun.reflect.DelegatingMethodAccessorImpl.invoke(Unknown Source)
	at java.lang.reflect.Method.invoke(Unknown Source)
	at org.testng.internal.MethodInvocationHelper.invokeMethod(MethodInvocationHelper.java:85)
	at org.testng.internal.Invoker.invokeMethod(Invoker.java:639)
	at org.testng.internal.Invoker.invokeTestMethod(Invoker.java:816)
	at org.testng.internal.Invoker.invokeTestMethods(Invoker.java:1124)
	at org.testng.internal.TestMethodWorker.invokeTestMethods(TestMethodWorker.java:125)
	at org.testng.internal.TestMethodWorker.run(TestMethodWorker.java:108)
	at org.testng.TestRunner.privateRun(TestRunner.java:774)
	at org.testng.TestRunner.run(TestRunner.java:624)
	at org.testng.SuiteRunner.runTest(SuiteRunner.java:359)
	at org.testng.SuiteRunner.runSequentially(SuiteRunner.java:354)
	at org.testng.SuiteRunner.privateRun(SuiteRunner.java:312)
	at org.testng.SuiteRunner.run(SuiteRunner.java:261)
	at org.testng.SuiteRunnerWorker.runSuite(SuiteRunnerWorker.java:52)
	at org.testng.SuiteRunnerWorker.run(SuiteRunnerWorker.java:86)
	at org.testng.TestNG.runSuitesSequentially(TestNG.java:1215)
	at org.testng.TestNG.runSuitesLocally(TestNG.java:1140)
	at org.testng.TestNG.run(TestNG.java:1048)
	at org.testng.remote.AbstractRemoteTestNG.run(AbstractRemoteTestNG.java:114)
	at org.testng.remote.RemoteTestNG.initAndRun(RemoteTestNG.java:251)
	at org.testng.remote.RemoteTestNG.main(RemoteTestNG.java:77)
]]>
            </full-stacktrace>
          </exception> <!-- java.lang.AssertionError -->
          <reporter-output>
            <line>
              <![CDATA[actiTIME -   Enter Time-Track]]>
            </line>
            <line>
              <![CDATA[actiTIME - Enter Time-Track]]>
            </line>
          </reporter-output>
        </test-method> <!-- verifyHomePageTest -->
        <test-method status="PASS" signature="logouttoApp()[pri:0, instance:com.actitime.logintest.VerifyHomePageTest@77caeb3e]" name="logouttoApp" is-config="true" duration-ms="2619" started-at="2019-03-11T22:44:00Z" finished-at="2019-03-11T22:44:03Z">
          <reporter-output>
            <line>
              <![CDATA[logout the Appliaction]]>
            </line>
          </reporter-output>
        </test-method> <!-- logouttoApp -->
        <test-method status="PASS" signature="logintoApp()[pri:0, instance:com.actitime.logintest.VerifyHomePageTest@77caeb3e]" name="logintoApp" is-config="true" duration-ms="2746" started-at="2019-03-11T22:44:03Z" finished-at="2019-03-11T22:44:06Z">
          <reporter-output>
            <line>
              <![CDATA[Login to Application]]>
            </line>
          </reporter-output>
        </test-method> <!-- logintoApp -->
        <test-method status="PASS" signature="verifyLogoOnHomePage()[pri:0, instance:com.actitime.logintest.VerifyHomePageTest@77caeb3e]" name="verifyLogoOnHomePage" duration-ms="78" started-at="2019-03-11T22:44:06Z" finished-at="2019-03-11T22:44:06Z">
          <reporter-output>
          </reporter-output>
        </test-method> <!-- verifyLogoOnHomePage -->
        <test-method status="PASS" signature="logouttoApp()[pri:0, instance:com.actitime.logintest.VerifyHomePageTest@77caeb3e]" name="logouttoApp" is-config="true" duration-ms="2511" started-at="2019-03-11T22:44:06Z" finished-at="2019-03-11T22:44:08Z">
          <reporter-output>
            <line>
              <![CDATA[logout the Appliaction]]>
            </line>
          </reporter-output>
        </test-method> <!-- logouttoApp -->
        <test-method status="PASS" signature="closeBrowser()[pri:0, instance:com.actitime.logintest.VerifyHomePageTest@77caeb3e]" name="closeBrowser" is-config="true" duration-ms="2430" started-at="2019-03-11T22:44:08Z" finished-at="2019-03-11T22:44:11Z">
          <reporter-output>
          </reporter-output>
        </test-method> <!-- closeBrowser -->
      </class> <!-- com.actitime.logintest.VerifyHomePageTest -->
      <class name="com.actitime.customertest.createCustomerTest">
        <test-method status="PASS" signature="configBS()[pri:0, instance:com.actitime.customertest.createCustomerTest@66a3ffec]" name="configBS" is-config="true" duration-ms="0" started-at="2019-03-11T22:43:17Z" finished-at="2019-03-11T22:43:17Z">
          <reporter-output>
          </reporter-output>
        </test-method> <!-- configBS -->
        <test-method status="PASS" signature="configBC()[pri:0, instance:com.actitime.customertest.createCustomerTest@66a3ffec]" name="configBC" is-config="true" duration-ms="7346" started-at="2019-03-11T22:43:17Z" finished-at="2019-03-11T22:43:24Z">
          <reporter-output>
            <line>
              <![CDATA[Launch the Browser]]>
            </line>
          </reporter-output>
        </test-method> <!-- configBC -->
        <test-method status="PASS" signature="logintoApp()[pri:0, instance:com.actitime.customertest.createCustomerTest@66a3ffec]" name="logintoApp" is-config="true" duration-ms="4086" started-at="2019-03-11T22:43:24Z" finished-at="2019-03-11T22:43:29Z">
          <reporter-output>
            <line>
              <![CDATA[Login to Application]]>
            </line>
          </reporter-output>
        </test-method> <!-- logintoApp -->
        <test-method status="PASS" signature="createCustomerTest()[pri:0, instance:com.actitime.customertest.createCustomerTest@66a3ffec]" name="createCustomerTest" duration-ms="7319" started-at="2019-03-11T22:43:29Z" finished-at="2019-03-11T22:43:36Z">
          <reporter-output>
          </reporter-output>
        </test-method> <!-- createCustomerTest -->
        <test-method status="PASS" signature="logouttoApp()[pri:0, instance:com.actitime.customertest.createCustomerTest@66a3ffec]" name="logouttoApp" is-config="true" duration-ms="2527" started-at="2019-03-11T22:43:36Z" finished-at="2019-03-11T22:43:38Z">
          <reporter-output>
            <line>
              <![CDATA[logout the Appliaction]]>
            </line>
          </reporter-output>
        </test-method> <!-- logouttoApp -->
        <test-method status="PASS" signature="logintoApp()[pri:0, instance:com.actitime.customertest.createCustomerTest@66a3ffec]" name="logintoApp" is-config="true" duration-ms="2838" started-at="2019-03-11T22:43:38Z" finished-at="2019-03-11T22:43:41Z">
          <reporter-output>
            <line>
              <![CDATA[Login to Application]]>
            </line>
          </reporter-output>
        </test-method> <!-- logintoApp -->
        <test-method status="PASS" signature="createcustomerwithdescription()[pri:0, instance:com.actitime.customertest.createCustomerTest@66a3ffec]" name="createcustomerwithdescription" duration-ms="5141" started-at="2019-03-11T22:43:41Z" finished-at="2019-03-11T22:43:46Z">
          <reporter-output>
          </reporter-output>
        </test-method> <!-- createcustomerwithdescription -->
        <test-method status="PASS" signature="logouttoApp()[pri:0, instance:com.actitime.customertest.createCustomerTest@66a3ffec]" name="logouttoApp" is-config="true" duration-ms="2677" started-at="2019-03-11T22:43:46Z" finished-at="2019-03-11T22:43:49Z">
          <reporter-output>
            <line>
              <![CDATA[logout the Appliaction]]>
            </line>
          </reporter-output>
        </test-method> <!-- logouttoApp -->
        <test-method status="PASS" signature="closeBrowser()[pri:0, instance:com.actitime.customertest.createCustomerTest@66a3ffec]" name="closeBrowser" is-config="true" duration-ms="2238" started-at="2019-03-11T22:43:49Z" finished-at="2019-03-11T22:43:51Z">
          <reporter-output>
          </reporter-output>
        </test-method> <!-- closeBrowser -->
        <test-method status="PASS" signature="configAC()[pri:0, instance:com.actitime.customertest.createCustomerTest@66a3ffec]" name="configAC" is-config="true" duration-ms="0" started-at="2019-03-11T22:44:11Z" finished-at="2019-03-11T22:44:11Z">
          <reporter-output>
          </reporter-output>
        </test-method> <!-- configAC -->
      </class> <!-- com.actitime.customertest.createCustomerTest -->
    </test> <!-- Test -->
  </suite> <!-- Suite -->
</testng-results>
