<?xml version="1.0" encoding="UTF-8"?>
<!-- Generated by org.testng.reporters.JUnitXMLReporter -->
<testsuite hostname="DESKTOP-LGK0HOD" name="Test" tests="4" failures="1" timestamp="11 Mar 2019 17:14:11 GMT" time="53.633" errors="0">
  <testcase name="createCustomerTest" time="7.319" classname="com.actitime.customertest.createCustomerTest"/>
  <testcase name="createcustomerwithdescription" time="5.141" classname="com.actitime.customertest.createCustomerTest"/>
  <testcase name="verifyHomePageTest" time="0.098" classname="com.actitime.logintest.VerifyHomePageTest">
    <failure type="java.lang.AssertionError" message="expected [actiTIME -   Enter Time-Track] but found [actiTIME - Enter Time-Track]">
      <![CDATA[java.lang.AssertionError: expected [actiTIME -   Enter Time-Track] but found [actiTIME - Enter Time-Track]
	at com.actitime.logintest.VerifyHomePageTest.verifyHomePageTest(VerifyHomePageTest.java:24)
... Removed 29 stack frames]]>
    </failure>
  </testcase> <!-- verifyHomePageTest -->
  <testcase name="verifyLogoOnHomePage" time="0.078" classname="com.actitime.logintest.VerifyHomePageTest"/>
</testsuite> <!-- Test -->
